<?xml version="1.0" encoding="UTF-8"?>
<!-- Generated by org.testng.reporters.JUnitXMLReporter -->
<testsuite hostname="DELL" name="Default test" tests="7" failures="0" timestamp="29 Mar 2021 15:02:10 GMT" time="1.242" errors="0">
  <testcase name="deleteEmployeeBySsn" time="0.061" classname="com.javaLive.springmvc.service.EmployeeServiceImplTest"/>
  <testcase name="findAllEmployees" time="0.017" classname="com.javaLive.springmvc.service.EmployeeServiceImplTest"/>
  <testcase name="findById" time="0.011" classname="com.javaLive.springmvc.service.EmployeeServiceImplTest"/>
  <testcase name="findEmployeeBySsn" time="0.008" classname="com.javaLive.springmvc.service.EmployeeServiceImplTest"/>
  <testcase name="isEmployeeSsnUnique" time="0.008" classname="com.javaLive.springmvc.service.EmployeeServiceImplTest"/>
  <testcase name="saveEmployee" time="0.008" classname="com.javaLive.springmvc.service.EmployeeServiceImplTest"/>
  <testcase name="updateEmployee" time="0.014" classname="com.javaLive.springmvc.service.EmployeeServiceImplTest"/>
</testsuite> <!-- Default test -->
